[+] PPP: Beggining PIGA policy parsing and loading...
[+] PPP: Policy successfully parsed. Setting up in the kernel...
[+] PPP: PIGA policy loadded :
[+] 	240853 signatures have been loaded
[+] 	156946 signatures have been ignored
[+] Policy stats : '<name> (<uint>): <count>'
[+] 	SID stats :
[+] 		root:object_r:gpg_agent_tmp_t (0): 3295
[+] 		root:object_r:home_ssh_t (136): 3295
[+] 		root:object_r:iceauth_home_t (0): 823
[+] 		root:object_r:java_tmp_t (0): 5
[+] 		root:object_r:ld_so_cache_t (420): 5
[+] 		root:object_r:ooffice_home_t (0): 31
[+] 		root:object_r:portage_tmp_t (389): 11
[+] 		root:object_r:session_dbusd_tmp_t (0): 27
[+] 		root:object_r:ssh_agent_tmp_t (346): 71
[+] 		root:object_r:user_devpts_t (207): 1025
[+] 		root:object_r:user_fonts_cache_t (0): 931
[+] 		root:object_r:user_fonts_config_t (0): 823
[+] 		root:object_r:user_fonts_t (0): 823
[+] 		root:object_r:user_home_t (208): 8457
[+] 		root:object_r:user_mozilla_tmp_t (0): 431
[+] 		root:object_r:user_mozilla_tmpfs_t (0): 971
[+] 		root:object_r:user_tmp_t (114): 8377
[+] 		root:object_r:user_tty_device_t (566): 913
[+] 		root:object_r:xauth_home_t (0): 823
[+] 		root:object_r:xserver_tmp_t (0): 931
[+] 		root:object_r:xserver_tmpfs_t (0): 931
[+] 		root:staff_r:chfn_t (150): 512
[+] 		root:staff_r:chkpwd_t (147): 1257
[+] 		root:staff_r:cronjob_t (156): 48
[+] 		root:staff_r:crontab_t (157): 512
[+] 		root:staff_r:gpg_agent_t (0): 1175
[+] 		root:staff_r:gpg_helper_t (0): 220
[+] 		root:staff_r:gpg_pinentry_t (0): 391
[+] 		root:staff_r:gpg_t (0): 1546
[+] 		root:staff_r:iceauth_t (0): 170
[+] 		root:staff_r:java_t (0): 377
[+] 		root:staff_r:newrole_t (145): 26276
[+] 		root:staff_r:pam_t (142): 170
[+] 		root:staff_r:passwd_t (148): 512
[+] 		root:staff_r:ping_t (143): 195
[+] 		root:staff_r:ssh_t (151): 512
[+] 		root:staff_r:staff_dbusd_t (0): 170
[+] 		root:staff_r:staff_ssh_agent_t (153): 180
[+] 		root:staff_r:staff_su_t (154): 854
[+] 		root:staff_r:staff_sudo_t (0): 25934
[+] 		root:staff_r:staff_t (152): 68186
[+] 		root:staff_r:traceroute_t (146): 195
[+] 		root:staff_r:updpwd_t (149): 231
[+] 		root:staff_r:user_home_t (0): 945
[+] 		root:staff_r:user_mail_t (155): 170
[+] 		root:staff_r:user_mozilla_t (0): 911
[+] 		root:staff_r:user_tmp_t (0): 901
[+] 		root:staff_r:utempter_t (144): 170
[+] 		root:staff_r:xauth_t (0): 1648
[+] 		root:staff_r:xserver_t (0): 6249
[+] 		root:sysadm_r:admin_crontab_t (160): 434
[+] 		root:sysadm_r:auditctl_t (203): 169
[+] 		root:sysadm_r:bootloader_t (158): 3201
[+] 		root:sysadm_r:checkpolicy_t (200): 144
[+] 		root:sysadm_r:chfn_t (192): 434
[+] 		root:sysadm_r:chkpwd_t (187): 1850
[+] 		root:sysadm_r:consoletype_t (201): 340
[+] 		root:sysadm_r:cronjob_t (202): 48
[+] 		root:sysadm_r:depmod_t (188): 629
[+] 		root:sysadm_r:dhcpc_t (168): 3571
[+] 		root:sysadm_r:fsadm_t (169): 227
[+] 		root:sysadm_r:gcc_config_t (204): 869
[+] 		root:sysadm_r:gpg_agent_t (0): 1019
[+] 		root:sysadm_r:gpg_helper_t (0): 194
[+] 		root:sysadm_r:gpg_pinentry_t (0): 339
[+] 		root:sysadm_r:gpg_t (0): 1364
[+] 		root:sysadm_r:groupadd_t (186): 1574
[+] 		root:sysadm_r:hostname_t (165): 339
[+] 		root:sysadm_r:hwclock_t (179): 169
[+] 		root:sysadm_r:iceauth_t (0): 144
[+] 		root:sysadm_r:ifconfig_t (166): 2549
[+] 		root:sysadm_r:insmod_t (189): 9672
[+] 		root:sysadm_r:iptables_t (164): 1869
[+] 		root:sysadm_r:java_t (0): 325
[+] 		root:sysadm_r:ldconfig_t (162): 749
[+] 		root:sysadm_r:load_policy_t (196): 749
[+] 		root:sysadm_r:lvm_t (170): 2299
[+] 		root:sysadm_r:mdadm_t (171): 144
[+] 		root:sysadm_r:mount_t (193): 3390
[+] 		root:sysadm_r:netutils_t (159): 339
[+] 		root:sysadm_r:newrole_t (180): 6742
[+] 		root:sysadm_r:nscd_t (194): 1114
[+] 		root:sysadm_r:pam_t (172): 144
[+] 		root:sysadm_r:passwd_t (190): 724
[+] 		root:sysadm_r:ping_t (173): 339
[+] 		root:sysadm_r:portage_fetch_t (174): 144
[+] 		root:sysadm_r:portage_sandbox_t (185): 454
[+] 		root:sysadm_r:portage_t (182): 9155
[+] 		root:sysadm_r:run_init_t (178): 54064
[+] 		root:sysadm_r:semanage_t (199): 3024
[+] 		root:sysadm_r:setfiles_t (197): 1284
[+] 		root:sysadm_r:ssh_t (195): 434
[+] 		root:sysadm_r:sysadm_dbusd_t (0): 144
[+] 		root:sysadm_r:sysadm_passwd_t (183): 434
[+] 		root:sysadm_r:sysadm_ssh_agent_t (176): 154
[+] 		root:sysadm_r:sysadm_su_t (163): 724
[+] 		root:sysadm_r:sysadm_sudo_t (0): 6452
[+] 		root:sysadm_r:sysadm_t (167): 109390
[+] 		root:sysadm_r:traceroute_t (181): 169
[+] 		root:sysadm_r:update_modules_t (161): 2206
[+] 		root:sysadm_r:updpwd_t (191): 350
[+] 		root:sysadm_r:user_home_t (0): 945
[+] 		root:sysadm_r:user_mail_t (198): 144
[+] 		root:sysadm_r:user_mozilla_t (0): 833
[+] 		root:sysadm_r:user_tmp_t (0): 901
[+] 		root:sysadm_r:useradd_t (205): 4094
[+] 		root:sysadm_r:utempter_t (177): 144
[+] 		root:sysadm_r:xauth_t (0): 1570
[+] 		root:sysadm_r:xserver_t (0): 5495
[+] 		staff_u:object_r:gpg_agent_tmp_t (0): 3295
[+] 		staff_u:object_r:home_ssh_t (525): 3295
[+] 		staff_u:object_r:iceauth_home_t (0): 823
[+] 		staff_u:object_r:java_tmp_t (0): 5
[+] 		staff_u:object_r:ld_so_cache_t (423): 5
[+] 		staff_u:object_r:portage_tmp_t (388): 11
[+] 		staff_u:object_r:session_dbusd_tmp_t (0): 27
[+] 		staff_u:object_r:ssh_agent_tmp_t (366): 71
[+] 		staff_u:object_r:user_devpts_t (426): 1025
[+] 		staff_u:object_r:user_mozilla_tmp_t (0): 431
[+] 		staff_u:object_r:user_mozilla_tmpfs_t (0): 971
[+] 		staff_u:object_r:user_tty_device_t (513): 913
[+] 		staff_u:object_r:xauth_home_t (0): 823
[+] 		staff_u:object_r:xserver_tmp_t (0): 931
[+] 		staff_u:object_r:xserver_tmpfs_t (0): 931
[+] 		staff_u:staff_r:chfn_t (475): 512
[+] 		staff_u:staff_r:chkpwd_t (473): 1257
[+] 		staff_u:staff_r:cronjob_t (582): 48
[+] 		staff_u:staff_r:crontab_t (474): 512
[+] 		staff_u:staff_r:gpg_agent_t (0): 1175
[+] 		staff_u:staff_r:gpg_helper_t (0): 220
[+] 		staff_u:staff_r:gpg_pinentry_t (0): 391
[+] 		staff_u:staff_r:gpg_t (0): 1546
[+] 		staff_u:staff_r:iceauth_t (0): 170
[+] 		staff_u:staff_r:java_t (0): 377
[+] 		staff_u:staff_r:newrole_t (231): 26276
[+] 		staff_u:staff_r:pam_t (575): 170
[+] 		staff_u:staff_r:passwd_t (344): 512
[+] 		staff_u:staff_r:ping_t (490): 195
[+] 		staff_u:staff_r:ssh_t (336): 512
[+] 		staff_u:staff_r:staff_dbusd_t (0): 170
[+] 		staff_u:staff_r:staff_ssh_agent_t (418): 180
[+] 		staff_u:staff_r:staff_su_t (337): 854
[+] 		staff_u:staff_r:staff_sudo_t (0): 25934
[+] 		staff_u:staff_r:staff_t (230): 68186
[+] 		staff_u:staff_r:traceroute_t (445): 195
[+] 		staff_u:staff_r:updpwd_t (361): 231
[+] 		staff_u:staff_r:user_home_t (0): 945
[+] 		staff_u:staff_r:user_mail_t (581): 170
[+] 		staff_u:staff_r:user_mozilla_t (0): 911
[+] 		staff_u:staff_r:user_tmp_t (0): 901
[+] 		staff_u:staff_r:utempter_t (465): 170
[+] 		staff_u:staff_r:xauth_t (0): 1648
[+] 		staff_u:staff_r:xserver_t (0): 6249
[+] 		staff_u:sysadm_r:admin_crontab_t (463): 434
[+] 		staff_u:sysadm_r:auditctl_t (579): 169
[+] 		staff_u:sysadm_r:bootloader_t (314): 3201
[+] 		staff_u:sysadm_r:checkpolicy_t (507): 144
[+] 		staff_u:sysadm_r:chfn_t (462): 434
[+] 		staff_u:sysadm_r:chkpwd_t (461): 1850
[+] 		staff_u:sysadm_r:consoletype_t (595): 340
[+] 		staff_u:sysadm_r:cronjob_t (583): 48
[+] 		staff_u:sysadm_r:depmod_t (576): 629
[+] 		staff_u:sysadm_r:dhcpc_t (313): 3571
[+] 		staff_u:sysadm_r:fsadm_t (376): 227
[+] 		staff_u:sysadm_r:gcc_config_t (355): 869
[+] 		staff_u:sysadm_r:gpg_agent_t (0): 1019
[+] 		staff_u:sysadm_r:gpg_helper_t (0): 194
[+] 		staff_u:sysadm_r:gpg_pinentry_t (0): 339
[+] 		staff_u:sysadm_r:gpg_t (0): 1364
[+] 		staff_u:sysadm_r:groupadd_t (396): 1574
[+] 		staff_u:sysadm_r:hostname_t (511): 339
[+] 		staff_u:sysadm_r:hwclock_t (414): 169
[+] 		staff_u:sysadm_r:iceauth_t (0): 144
[+] 		staff_u:sysadm_r:ifconfig_t (309): 2549
[+] 		staff_u:sysadm_r:insmod_t (310): 9672
[+] 		staff_u:sysadm_r:iptables_t (312): 1869
[+] 		staff_u:sysadm_r:java_t (0): 325
[+] 		staff_u:sysadm_r:ldconfig_t (354): 749
[+] 		staff_u:sysadm_r:load_policy_t (408): 749
[+] 		staff_u:sysadm_r:lvm_t (311): 2299
[+] 		staff_u:sysadm_r:mdadm_t (425): 144
[+] 		staff_u:sysadm_r:mount_t (472): 3390
[+] 		staff_u:sysadm_r:netutils_t (476): 339
[+] 		staff_u:sysadm_r:newrole_t (235): 6742
[+] 		staff_u:sysadm_r:nscd_t (393): 1114
[+] 		staff_u:sysadm_r:pam_t (587): 144
[+] 		staff_u:sysadm_r:passwd_t (394): 724
[+] 		staff_u:sysadm_r:ping_t (432): 339
[+] 		staff_u:sysadm_r:portage_fetch_t (498): 144
[+] 		staff_u:sysadm_r:portage_sandbox_t (379): 454
[+] 		staff_u:sysadm_r:portage_t (304): 9155
[+] 		staff_u:sysadm_r:run_init_t (226): 54064
[+] 		staff_u:sysadm_r:semanage_t (303): 3024
[+] 		staff_u:sysadm_r:setfiles_t (470): 1284
[+] 		staff_u:sysadm_r:ssh_t (417): 434
[+] 		staff_u:sysadm_r:sysadm_dbusd_t (0): 144
[+] 		staff_u:sysadm_r:sysadm_passwd_t (395): 434
[+] 		staff_u:sysadm_r:sysadm_ssh_agent_t (384): 154
[+] 		staff_u:sysadm_r:sysadm_su_t (459): 724
[+] 		staff_u:sysadm_r:sysadm_sudo_t (0): 6452
[+] 		staff_u:sysadm_r:sysadm_t (225): 109390
[+] 		staff_u:sysadm_r:traceroute_t (335): 169
[+] 		staff_u:sysadm_r:update_modules_t (315): 2206
[+] 		staff_u:sysadm_r:updpwd_t (365): 350
[+] 		staff_u:sysadm_r:user_home_t (0): 945
[+] 		staff_u:sysadm_r:user_mail_t (481): 144
[+] 		staff_u:sysadm_r:user_mozilla_t (0): 833
[+] 		staff_u:sysadm_r:user_tmp_t (0): 901
[+] 		staff_u:sysadm_r:useradd_t (305): 4094
[+] 		staff_u:sysadm_r:utempter_t (362): 144
[+] 		staff_u:sysadm_r:xauth_t (0): 1570
[+] 		staff_u:sysadm_r:xserver_t (0): 5495
[+] 		sysadm_u:object_r:gpg_agent_tmp_t (0): 3295
[+] 		sysadm_u:object_r:home_ssh_t (477): 3295
[+] 		sysadm_u:object_r:iceauth_home_t (0): 823
[+] 		sysadm_u:object_r:java_tmp_t (0): 5
[+] 		sysadm_u:object_r:ld_so_cache_t (422): 5
[+] 		sysadm_u:object_r:portage_tmp_t (387): 11
[+] 		sysadm_u:object_r:session_dbusd_tmp_t (0): 27
[+] 		sysadm_u:object_r:ssh_agent_tmp_t (519): 71
[+] 		sysadm_u:object_r:user_devpts_t (407): 1025
[+] 		sysadm_u:object_r:user_mozilla_tmp_t (0): 431
[+] 		sysadm_u:object_r:user_mozilla_tmpfs_t (0): 971
[+] 		sysadm_u:object_r:user_tty_device_t (552): 913
[+] 		sysadm_u:object_r:xauth_home_t (0): 823
[+] 		sysadm_u:object_r:xserver_tmp_t (0): 931
[+] 		sysadm_u:object_r:xserver_tmpfs_t (0): 931
[+] 		sysadm_u:sysadm_r:admin_crontab_t (441): 212
[+] 		sysadm_u:sysadm_r:auditctl_t (580): 95
[+] 		sysadm_u:sysadm_r:bootloader_t (397): 1573
[+] 		sysadm_u:sysadm_r:checkpolicy_t (469): 70
[+] 		sysadm_u:sysadm_r:chfn_t (283): 212
[+] 		sysadm_u:sysadm_r:chkpwd_t (588): 962
[+] 		sysadm_u:sysadm_r:consoletype_t (448): 192
[+] 		sysadm_u:sysadm_r:cronjob_t (299): 48
[+] 		sysadm_u:sysadm_r:depmod_t (444): 333
[+] 		sysadm_u:sysadm_r:dhcpc_t (318): 2017
[+] 		sysadm_u:sysadm_r:fsadm_t (419): 153
[+] 		sysadm_u:sysadm_r:gcc_config_t (372): 425
[+] 		sysadm_u:sysadm_r:gpg_agent_t (0): 575
[+] 		sysadm_u:sysadm_r:gpg_helper_t (0): 120
[+] 		sysadm_u:sysadm_r:gpg_pinentry_t (0): 191
[+] 		sysadm_u:sysadm_r:gpg_t (0): 846
[+] 		sysadm_u:sysadm_r:groupadd_t (316): 834
[+] 		sysadm_u:sysadm_r:hostname_t (374): 191
[+] 		sysadm_u:sysadm_r:hwclock_t (375): 95
[+] 		sysadm_u:sysadm_r:iceauth_t (0): 70
[+] 		sysadm_u:sysadm_r:ifconfig_t (357): 1439
[+] 		sysadm_u:sysadm_r:insmod_t (383): 6786
[+] 		sysadm_u:sysadm_r:iptables_t (358): 1055
[+] 		sysadm_u:sysadm_r:java_t (0): 177
[+] 		sysadm_u:sysadm_r:ldconfig_t (371): 379
[+] 		sysadm_u:sysadm_r:load_policy_t (594): 379
[+] 		sysadm_u:sysadm_r:lvm_t (398): 1189
[+] 		sysadm_u:sysadm_r:mdadm_t (360): 70
[+] 		sysadm_u:sysadm_r:mount_t (572): 2354
[+] 		sysadm_u:sysadm_r:netutils_t (442): 191
[+] 		sysadm_u:sysadm_r:newrole_t (431): 354
[+] 		sysadm_u:sysadm_r:nscd_t (339): 596
[+] 		sysadm_u:sysadm_r:pam_t (570): 70
[+] 		sysadm_u:sysadm_r:passwd_t (340): 354
[+] 		sysadm_u:sysadm_r:ping_t (319): 191
[+] 		sysadm_u:sysadm_r:portage_fetch_t (356): 70
[+] 		sysadm_u:sysadm_r:portage_sandbox_t (370): 232
[+] 		sysadm_u:sysadm_r:portage_t (317): 4493
[+] 		sysadm_u:sysadm_r:run_init_t (239): 37854
[+] 		sysadm_u:sysadm_r:semanage_t (492): 1544
[+] 		sysadm_u:sysadm_r:setfiles_t (491): 692
[+] 		sysadm_u:sysadm_r:ssh_t (298): 212
[+] 		sysadm_u:sysadm_r:sysadm_dbusd_t (0): 70
[+] 		sysadm_u:sysadm_r:sysadm_passwd_t (341): 212
[+] 		sysadm_u:sysadm_r:sysadm_ssh_agent_t (377): 80
[+] 		sysadm_u:sysadm_r:sysadm_su_t (392): 354
[+] 		sysadm_u:sysadm_r:sysadm_sudo_t (0): 212
[+] 		sysadm_u:sysadm_r:sysadm_t (238): 59092
[+] 		sysadm_u:sysadm_r:traceroute_t (496): 95
[+] 		sysadm_u:sysadm_r:update_modules_t (399): 1170
[+] 		sysadm_u:sysadm_r:updpwd_t (591): 202
[+] 		sysadm_u:sysadm_r:user_home_t (0): 945
[+] 		sysadm_u:sysadm_r:user_mail_t (412): 70
[+] 		sysadm_u:sysadm_r:user_mozilla_t (0): 611
[+] 		sysadm_u:sysadm_r:user_tmp_t (0): 901
[+] 		sysadm_u:sysadm_r:useradd_t (338): 2170
[+] 		sysadm_u:sysadm_r:utempter_t (497): 70
[+] 		sysadm_u:sysadm_r:xauth_t (0): 1348
[+] 		sysadm_u:sysadm_r:xserver_t (0): 3349
[+] 		system_u:object_r:admin_passwd_exec_t (269): 887
[+] 		system_u:object_r:afs_bos_client_packet_t (557): 411
[+] 		system_u:object_r:afs_fs_client_packet_t (349): 411
[+] 		system_u:object_r:afs_ka_client_packet_t (471): 411
[+] 		system_u:object_r:afs_pt_client_packet_t (553): 411
[+] 		system_u:object_r:afs_vl_client_packet_t (538): 411
[+] 		system_u:object_r:agentx_client_packet_t (542): 411
[+] 		system_u:object_r:amanda_client_packet_t (502): 411
[+] 		system_u:object_r:amavisd_recv_client_packet_t (436): 411
[+] 		system_u:object_r:amavisd_send_client_packet_t (509): 411
[+] 		system_u:object_r:anacron_exec_t (262): 887
[+] 		system_u:object_r:anon_inodefs_t (35): 823
[+] 		system_u:object_r:aol_client_packet_t (456): 411
[+] 		system_u:object_r:apcupsd_client_packet_t (433): 411
[+] 		system_u:object_r:asterisk_client_packet_t (416): 411
[+] 		system_u:object_r:audisp_exec_t (242): 887
[+] 		system_u:object_r:audit_client_packet_t (451): 411
[+] 		system_u:object_r:auditctl_exec_t (258): 887
[+] 		system_u:object_r:auth_client_packet_t (369): 411
[+] 		system_u:object_r:autofs_t (221): 1733
[+] 		system_u:object_r:bgp_client_packet_t (561): 411
[+] 		system_u:object_r:bin_t (46): 1087
[+] 		system_u:object_r:bootloader_exec_t (209): 887
[+] 		system_u:object_r:certmaster_client_packet_t (512): 411
[+] 		system_u:object_r:checkpolicy_exec_t (264): 887
[+] 		system_u:object_r:chfn_exec_t (267): 887
[+] 		system_u:object_r:chkpwd_exec_t (137): 965
[+] 		system_u:object_r:cifs_t (232): 8535
[+] 		system_u:object_r:clamd_client_packet_t (401): 411
[+] 		system_u:object_r:clawsmail_exec_t (0): 458
[+] 		system_u:object_r:clawsmail_plugins_t (0): 17
[+] 		system_u:object_r:client_packet_t (558): 465
[+] 		system_u:object_r:clockspeed_client_packet_t (373): 411
[+] 		system_u:object_r:cluster_client_packet_t (549): 411
[+] 		system_u:object_r:comsat_client_packet_t (495): 411
[+] 		system_u:object_r:consoletype_exec_t (271): 887
[+] 		system_u:object_r:context_exec_t (0): 442
[+] 		system_u:object_r:context_lib_t (0): 205
[+] 		system_u:object_r:crack_exec_t (253): 887
[+] 		system_u:object_r:crontab_exec_t (249): 887
[+] 		system_u:object_r:cvs_client_packet_t (548): 411
[+] 		system_u:object_r:cyphesis_client_packet_t (514): 411
[+] 		system_u:object_r:dbskkd_client_packet_t (378): 411
[+] 		system_u:object_r:dbusd_exec_t (0): 915
[+] 		system_u:object_r:dcc_client_packet_t (328): 411
[+] 		system_u:object_r:dccm_client_packet_t (534): 411
[+] 		system_u:object_r:depmod_exec_t (241): 887
[+] 		system_u:object_r:dhcp_etc_t (589): 7
[+] 		system_u:object_r:dhcpc_client_packet_t (523): 411
[+] 		system_u:object_r:dhcpd_client_packet_t (545): 411
[+] 		system_u:object_r:dict_client_packet_t (457): 411
[+] 		system_u:object_r:distccd_client_packet_t (402): 411
[+] 		system_u:object_r:dmesg_exec_t (69): 887
[+] 		system_u:object_r:dns_client_packet_t (530): 559
[+] 		system_u:object_r:dosfs_t (237): 1733
[+] 		system_u:object_r:ecryptfs_t (256): 1733
[+] 		system_u:object_r:etc_t (43): 991
[+] 		system_u:object_r:faillog_t (567): 35
[+] 		system_u:object_r:fingerd_client_packet_t (284): 411
[+] 		system_u:object_r:flash_plugins_exec_t (0): 185
[+] 		system_u:object_r:fsadm_exec_t (87): 887
[+] 		system_u:object_r:ftp_client_packet_t (359): 465
[+] 		system_u:object_r:ftp_data_client_packet_t (524): 411
[+] 		system_u:object_r:fusefs_t (274): 1733
[+] 		system_u:object_r:gatekeeper_client_packet_t (526): 411
[+] 		system_u:object_r:gcc_config_exec_t (212): 887
[+] 		system_u:object_r:getty_exec_t (132): 887
[+] 		system_u:object_r:giftd_client_packet_t (430): 411
[+] 		system_u:object_r:gopher_client_packet_t (400): 411
[+] 		system_u:object_r:gpg_agent_exec_t (0): 904
[+] 		system_u:object_r:gpg_agent_tmp_t (0): 3295
[+] 		system_u:object_r:gpg_exec_t (0): 903
[+] 		system_u:object_r:gpg_helper_exec_t (0): 887
[+] 		system_u:object_r:gpgconf_exec_t (0): 15
[+] 		system_u:object_r:gpgsm_exec_t (0): 15
[+] 		system_u:object_r:gpsd_client_packet_t (486): 411
[+] 		system_u:object_r:groupadd_exec_t (260): 887
[+] 		system_u:object_r:hddtemp_client_packet_t (569): 411
[+] 		system_u:object_r:home_ssh_t (300): 3295
[+] 		system_u:object_r:hostname_exec_t (115): 901
[+] 		system_u:object_r:hotplug_etc_t (390): 39
[+] 		system_u:object_r:howl_client_packet_t (367): 411
[+] 		system_u:object_r:hplip_client_packet_t (551): 411
[+] 		system_u:object_r:http_cache_client_packet_t (449): 465
[+] 		system_u:object_r:http_client_packet_t (501): 465
[+] 		system_u:object_r:hwclock_exec_t (108): 887
[+] 		system_u:object_r:i18n_input_client_packet_t (343): 411
[+] 		system_u:object_r:iceauth_exec_t (0): 887
[+] 		system_u:object_r:iceauth_home_t (0): 823
[+] 		system_u:object_r:ifconfig_exec_t (119): 887
[+] 		system_u:object_r:imaze_client_packet_t (543): 411
[+] 		system_u:object_r:inetd_child_client_packet_t (568): 411
[+] 		system_u:object_r:initrc_tmp_t (113): 1
[+] 		system_u:object_r:initrc_var_run_t (52): 71
[+] 		system_u:object_r:innd_client_packet_t (438): 411
[+] 		system_u:object_r:insmod_exec_t (75): 887
[+] 		system_u:object_r:ipmi_client_packet_t (522): 411
[+] 		system_u:object_r:ipp_client_packet_t (562): 465
[+] 		system_u:object_r:ipsecnat_client_packet_t (351): 411
[+] 		system_u:object_r:iptables_exec_t (222): 887
[+] 		system_u:object_r:ircd_client_packet_t (446): 411
[+] 		system_u:object_r:isakmp_client_packet_t (290): 411
[+] 		system_u:object_r:iscsi_client_packet_t (307): 411
[+] 		system_u:object_r:isns_client_packet_t (406): 411
[+] 		system_u:object_r:iso9660_t (244): 1733
[+] 		system_u:object_r:jabber_client_client_packet_t (295): 411
[+] 		system_u:object_r:jabber_interserver_client_packet_t (415): 411
[+] 		system_u:object_r:java_exec_t (0): 1088
[+] 		system_u:object_r:java_tmp_t (0): 5
[+] 		system_u:object_r:kerberos_admin_client_packet_t (452): 411
[+] 		system_u:object_r:kerberos_client_packet_t (564): 411
[+] 		system_u:object_r:kerberos_master_client_packet_t (520): 411
[+] 		system_u:object_r:kismet_client_packet_t (410): 411
[+] 		system_u:object_r:kprop_client_packet_t (531): 411
[+] 		system_u:object_r:ktalkd_client_packet_t (334): 411
[+] 		system_u:object_r:ld_so_cache_t (42): 5
[+] 		system_u:object_r:ld_so_t (44): 1275
[+] 		system_u:object_r:ldap_client_packet_t (516): 479
[+] 		system_u:object_r:ldconfig_exec_t (234): 887
[+] 		system_u:object_r:lib_t (41): 1460
[+] 		system_u:object_r:lmtp_client_packet_t (550): 411
[+] 		system_u:object_r:load_policy_exec_t (279): 887
[+] 		system_u:object_r:locale_t (105): 5
[+] 		system_u:object_r:login_exec_t (254): 887
[+] 		system_u:object_r:lvm_exec_t (251): 887
[+] 		system_u:object_r:lxde_exec_t (0): 885
[+] 		system_u:object_r:lxsession_logout_exec_t (0): 446
[+] 		system_u:object_r:mail_client_packet_t (536): 411
[+] 		system_u:object_r:mail_spool_t (539): 823
[+] 		system_u:object_r:memcache_client_packet_t (555): 411
[+] 		system_u:object_r:memory_device_t (92): 6
[+] 		system_u:object_r:mmcc_client_packet_t (409): 411
[+] 		system_u:object_r:monopd_client_packet_t (532): 411
[+] 		system_u:object_r:mount_exec_t (62): 887
[+] 		system_u:object_r:mozilla_exec_t (0): 1443
[+] 		system_u:object_r:msnp_client_packet_t (332): 411
[+] 		system_u:object_r:munin_client_packet_t (488): 411
[+] 		system_u:object_r:mvfs_t (236): 1733
[+] 		system_u:object_r:mysqld_client_packet_t (288): 411
[+] 		system_u:object_r:nessus_client_packet_t (282): 411
[+] 		system_u:object_r:netif_t (10): 2637
[+] 		system_u:object_r:netsupport_client_packet_t (544): 411
[+] 		system_u:object_r:netutils_exec_t (118): 887
[+] 		system_u:object_r:newrole_exec_t (213): 887
[+] 		system_u:object_r:nfs_t (255): 8499
[+] 		system_u:object_r:nmbd_client_packet_t (308): 411
[+] 		system_u:object_r:node_t (12): 2437
[+] 		system_u:object_r:ntp_client_packet_t (537): 411
[+] 		system_u:object_r:ntpdate_exec_t (0): 887
[+] 		system_u:object_r:ocsp_client_packet_t (554): 411
[+] 		system_u:object_r:ooffice_exec_t (0): 468
[+] 		system_u:object_r:ooffice_lib_t (0): 12
[+] 		system_u:object_r:openvpn_client_packet_t (547): 411
[+] 		system_u:object_r:pam_console_exec_t (233): 887
[+] 		system_u:object_r:pam_exec_t (273): 443
[+] 		system_u:object_r:pam_var_run_t (503): 35
[+] 		system_u:object_r:passwd_exec_t (281): 887
[+] 		system_u:object_r:pegasus_http_client_packet_t (546): 411
[+] 		system_u:object_r:pegasus_https_client_packet_t (508): 411
[+] 		system_u:object_r:pgpkeyserver_client_packet_t (333): 411
[+] 		system_u:object_r:pinentry_exec_t (0): 887
[+] 		system_u:object_r:ping_exec_t (257): 887
[+] 		system_u:object_r:pingd_client_packet_t (292): 411
[+] 		system_u:object_r:pop_client_packet_t (329): 437
[+] 		system_u:object_r:portage_exec_t (210): 887
[+] 		system_u:object_r:portage_tmp_t (385): 11
[+] 		system_u:object_r:portmap_client_packet_t (460): 411
[+] 		system_u:object_r:postfix_policyd_client_packet_t (565): 411
[+] 		system_u:object_r:postgresql_client_packet_t (527): 411
[+] 		system_u:object_r:postgrey_client_packet_t (345): 411
[+] 		system_u:object_r:power_device_t (541): 823
[+] 		system_u:object_r:prelude_client_packet_t (301): 411
[+] 		system_u:object_r:printer_client_packet_t (518): 411
[+] 		system_u:object_r:ptal_client_packet_t (405): 411
[+] 		system_u:object_r:ptmx_t (103): 823
[+] 		system_u:object_r:pulseaudio_client_packet_t (533): 411
[+] 		system_u:object_r:puppet_client_packet_t (454): 411
[+] 		system_u:object_r:pxe_client_packet_t (443): 411
[+] 		system_u:object_r:pyzor_client_packet_t (559): 411
[+] 		system_u:object_r:radacct_client_packet_t (364): 411
[+] 		system_u:object_r:radius_client_packet_t (291): 411
[+] 		system_u:object_r:radsec_client_packet_t (560): 411
[+] 		system_u:object_r:razor_client_packet_t (347): 411
[+] 		system_u:object_r:removable_device_t (510): 823
[+] 		system_u:object_r:removable_t (275): 1733
[+] 		system_u:object_r:ricci_client_packet_t (521): 411
[+] 		system_u:object_r:ricci_modcluster_client_packet_t (464): 411
[+] 		system_u:object_r:rlogind_client_packet_t (350): 411
[+] 		system_u:object_r:rndc_client_packet_t (330): 411
[+] 		system_u:object_r:router_client_packet_t (458): 411
[+] 		system_u:object_r:rsh_client_packet_t (484): 411
[+] 		system_u:object_r:rsync_client_packet_t (306): 411
[+] 		system_u:object_r:rsync_exec_t (280): 887
[+] 		system_u:object_r:run_init_exec_t (246): 887
[+] 		system_u:object_r:rwho_client_packet_t (563): 411
[+] 		system_u:object_r:sap_client_packet_t (468): 411
[+] 		system_u:object_r:security_t (2): 923
[+] 		system_u:object_r:semanage_exec_t (272): 887
[+] 		system_u:object_r:sendmail_exec_t (245): 953
[+] 		system_u:object_r:session_dbusd_tmp_t (0): 27
[+] 		system_u:object_r:setfiles_exec_t (64): 887
[+] 		system_u:object_r:shell_exec_t (59): 1025
[+] 		system_u:object_r:smtp_client_packet_t (348): 455
[+] 		system_u:object_r:snmp_client_packet_t (331): 411
[+] 		system_u:object_r:sound_device_t (84): 931
[+] 		system_u:object_r:soundd_client_packet_t (450): 411
[+] 		system_u:object_r:spamd_client_packet_t (342): 411
[+] 		system_u:object_r:speech_client_packet_t (483): 411
[+] 		system_u:object_r:squid_client_packet_t (535): 411
[+] 		system_u:object_r:src_t (386): 19
[+] 		system_u:object_r:ssh_agent_exec_t (270): 913
[+] 		system_u:object_r:ssh_agent_tmp_t (434): 71
[+] 		system_u:object_r:ssh_client_packet_t (382): 411
[+] 		system_u:object_r:ssh_exec_t (214): 887
[+] 		system_u:object_r:ssh_keygen_exec_t (265): 887
[+] 		system_u:object_r:ssh_keysign_exec_t (248): 887
[+] 		system_u:object_r:su_exec_t (261): 475
[+] 		system_u:object_r:sudo_exec_t (0): 933
[+] 		system_u:object_r:sulogin_exec_t (263): 887
[+] 		system_u:object_r:swat_client_packet_t (294): 411
[+] 		system_u:object_r:syslogd_client_packet_t (493): 411
[+] 		system_u:object_r:system_dbusd_var_run_t (0): 380
[+] 		system_u:object_r:telnetd_client_packet_t (326): 411
[+] 		system_u:object_r:tetex_data_t (250): 901
[+] 		system_u:object_r:textrel_shlib_t (278): 1669
[+] 		system_u:object_r:tftp_client_packet_t (437): 411
[+] 		system_u:object_r:tmpfs_t (32): 19
[+] 		system_u:object_r:tor_client_packet_t (517): 411
[+] 		system_u:object_r:traceroute_client_packet_t (296): 411
[+] 		system_u:object_r:traceroute_exec_t (243): 887
[+] 		system_u:object_r:transproxy_client_packet_t (380): 411
[+] 		system_u:object_r:unlabeled_t (3): 2135
[+] 		system_u:object_r:update_modules_exec_t (223): 1330
[+] 		system_u:object_r:usb_device_t (85): 35
[+] 		system_u:object_r:usbfs_t (38): 1733
[+] 		system_u:object_r:user_devpts_t (411): 1025
[+] 		system_u:object_r:user_mozilla_tmp_t (0): 431
[+] 		system_u:object_r:user_mozilla_tmpfs_t (0): 971
[+] 		system_u:object_r:user_tty_device_t (479): 913
[+] 		system_u:object_r:useradd_exec_t (240): 887
[+] 		system_u:object_r:usr_t (61): 893
[+] 		system_u:object_r:utempter_exec_t (259): 887
[+] 		system_u:object_r:uucpd_client_packet_t (515): 411
[+] 		system_u:object_r:var_run_t (51): 19
[+] 		system_u:object_r:varnishd_client_packet_t (529): 411
[+] 		system_u:object_r:vmblock_t (266): 1733
[+] 		system_u:object_r:vnc_client_packet_t (453): 411
[+] 		system_u:object_r:vxfs_t (252): 1733
[+] 		system_u:object_r:wccp_client_packet_t (353): 411
[+] 		system_u:object_r:whois_client_packet_t (467): 411
[+] 		system_u:object_r:xauth_exec_t (0): 919
[+] 		system_u:object_r:xauth_home_t (0): 823
[+] 		system_u:object_r:xdm_tmp_t (0): 23
[+] 		system_u:object_r:xdmcp_client_packet_t (528): 411
[+] 		system_u:object_r:xen_client_packet_t (293): 411
[+] 		system_u:object_r:xenfs_t (276): 1733
[+] 		system_u:object_r:xfs_client_packet_t (455): 411
[+] 		system_u:object_r:xpdf_exec_t (0): 442
[+] 		system_u:object_r:xserver_client_packet_t (428): 411
[+] 		system_u:object_r:xserver_exec_t (0): 887
[+] 		system_u:object_r:xserver_misc_device_t (100): 823
[+] 		system_u:object_r:xserver_tmp_t (0): 931
[+] 		system_u:object_r:xserver_tmpfs_t (0): 931
[+] 		system_u:object_r:xsession_exec_t (0): 443
[+] 		system_u:object_r:zebra_client_packet_t (381): 411
[+] 		system_u:object_r:zero_device_t (96): 1346
[+] 		system_u:object_r:zope_client_packet_t (268): 411
[+] 		system_u:system_r:admin_crontab_t (0): 70
[+] 		system_u:system_r:audisp_remote_t (573): 49
[+] 		system_u:system_r:audisp_t (413): 149
[+] 		system_u:system_r:auditctl_t (592): 95
[+] 		system_u:system_r:auditd_t (391): 174
[+] 		system_u:system_r:bootloader_t (403): 792
[+] 		system_u:system_r:checkpolicy_t (482): 70
[+] 		system_u:system_r:chfn_t (368): 212
[+] 		system_u:system_r:chkpwd_t (138): 947
[+] 		system_u:system_r:clamd_t (0): 74
[+] 		system_u:system_r:clamscan_t (0): 74
[+] 		system_u:system_r:clvmd_t (352): 174
[+] 		system_u:system_r:consoletype_t (487): 292
[+] 		system_u:system_r:contextd_t (0): 817
[+] 		system_u:system_r:crack_t (577): 74
[+] 		system_u:system_r:crond_t (286): 2474
[+] 		system_u:system_r:depmod_t (435): 191
[+] 		system_u:system_r:dhcpc_t (220): 4509
[+] 		system_u:system_r:dmesg_t (70): 24
[+] 		system_u:system_r:freshclam_t (0): 24
[+] 		system_u:system_r:fsadm_t (88): 253
[+] 		system_u:system_r:gcc_config_t (0): 70
[+] 		system_u:system_r:getty_t (133): 97829
[+] 		system_u:system_r:gpg_agent_t (0): 70
[+] 		system_u:system_r:gpg_t (0): 145
[+] 		system_u:system_r:gpm_t (215): 24
[+] 		system_u:system_r:groupadd_t (323): 479
[+] 		system_u:system_r:hostname_t (116): 291
[+] 		system_u:system_r:hotplug_t (325): 2728
[+] 		system_u:system_r:hwclock_t (109): 145
[+] 		system_u:system_r:iceauth_t (0): 70
[+] 		system_u:system_r:ifconfig_t (121): 2654
[+] 		system_u:system_r:init_t (47): 101534
[+] 		system_u:system_r:initrc_su_t (571): 74
[+] 		system_u:system_r:initrc_t (56): 193402
[+] 		system_u:system_r:insmod_t (76): 7830
[+] 		system_u:system_r:iptables_t (216): 1803
[+] 		system_u:system_r:java_t (0): 82
[+] 		system_u:system_r:klogd_t (505): 24
[+] 		system_u:system_r:ldconfig_t (506): 95
[+] 		system_u:system_r:load_policy_t (219): 280
[+] 		system_u:system_r:local_login_t (224): 97757
[+] 		system_u:system_r:lvm_t (404): 1209
[+] 		system_u:system_r:mdadm_t (586): 437
[+] 		system_u:system_r:mount_t (63): 2777
[+] 		system_u:system_r:netutils_t (485): 291
[+] 		system_u:system_r:newrole_t (0): 70
[+] 		system_u:system_r:nscd_t (320): 554
[+] 		system_u:system_r:ntpd_t (0): 295
[+] 		system_u:system_r:openvpn_t (0): 24
[+] 		system_u:system_r:pam_console_t (440): 110
[+] 		system_u:system_r:pam_t (302): 70
[+] 		system_u:system_r:passwd_t (322): 354
[+] 		system_u:system_r:piga_t (0): 24
[+] 		system_u:system_r:pigaupdated_t (0): 24
[+] 		system_u:system_r:ping_t (439): 291
[+] 		system_u:system_r:portage_t (0): 73
[+] 		system_u:system_r:restorecond_t (574): 24
[+] 		system_u:system_r:rsync_t (480): 24
[+] 		system_u:system_r:run_init_t (229): 38714
[+] 		system_u:system_r:semanage_t (218): 1049
[+] 		system_u:system_r:setfiles_t (65): 501
[+] 		system_u:system_r:ssh_keygen_t (593): 24
[+] 		system_u:system_r:ssh_t (0): 70
[+] 		system_u:system_r:sshd_t (129): 57648
[+] 		system_u:system_r:sulogin_t (227): 60149
[+] 		system_u:system_r:sysadm_dbusd_t (0): 70
[+] 		system_u:system_r:sysadm_passwd_t (321): 212
[+] 		system_u:system_r:sysadm_ssh_agent_t (0): 70
[+] 		system_u:system_r:sysadm_su_t (0): 70
[+] 		system_u:system_r:sysadm_sudo_t (0): 70
[+] 		system_u:system_r:sysadm_t (228): 53988
[+] 		system_u:system_r:syslogd_t (126): 24
[+] 		system_u:system_r:system_cronjob_t (285): 3653
[+] 		system_u:system_r:system_dbusd_t (0): 624
[+] 		system_u:system_r:system_mail_t (585): 338
[+] 		system_u:system_r:traceroute_t (478): 95
[+] 		system_u:system_r:udev_t (72): 2755
[+] 		system_u:system_r:unconfined_java_t (0): 24
[+] 		system_u:system_r:update_modules_t (421): 673
[+] 		system_u:system_r:updpwd_t (429): 492
[+] 		system_u:system_r:user_mail_t (0): 70
[+] 		system_u:system_r:user_mozilla_t (0): 456
[+] 		system_u:system_r:useradd_t (324): 1247
[+] 		system_u:system_r:utempter_t (0): 70
[+] 		system_u:system_r:xauth_t (0): 70
[+] 		system_u:system_r:xdm_t (0): 100095
[+] 		system_u:system_r:xfs_t (0): 24
[+] 		system_u:system_r:xserver_t (0): 3349
[+] 		user_u:object_r:gpg_agent_tmp_t (0): 3295
[+] 		user_u:object_r:home_ssh_t (427): 3295
[+] 		user_u:object_r:iceauth_home_t (0): 823
[+] 		user_u:object_r:java_tmp_t (0): 5
[+] 		user_u:object_r:ooffice_home_t (0): 1
[+] 		user_u:object_r:session_dbusd_tmp_t (0): 27
[+] 		user_u:object_r:ssh_agent_tmp_t (540): 71
[+] 		user_u:object_r:user_clawsmail_account_t (0): 0
[+] 		user_u:object_r:user_clawsmail_history_t (0): 0
[+] 		user_u:object_r:user_devpts_t (556): 1025
[+] 		user_u:object_r:user_fonts_cache_t (0): 931
[+] 		user_u:object_r:user_fonts_config_t (0): 823
[+] 		user_u:object_r:user_fonts_t (0): 823
[+] 		user_u:object_r:user_home_t (247): 8457
[+] 		user_u:object_r:user_mozilla_bookmark_t (0): 0
[+] 		user_u:object_r:user_mozilla_conf_t (0): 0
[+] 		user_u:object_r:user_mozilla_key_t (0): 0
[+] 		user_u:object_r:user_mozilla_lock_t (0): 53
[+] 		user_u:object_r:user_mozilla_secret_t (0): 0
[+] 		user_u:object_r:user_mozilla_tmpfs_t (0): 935
[+] 		user_u:object_r:user_tmp_t (277): 8377
[+] 		user_u:object_r:user_tty_device_t (466): 913
[+] 		user_u:object_r:user_xpdf_tmp_t (0): 9
[+] 		user_u:object_r:xauth_home_t (0): 823
[+] 		user_u:object_r:xserver_tmp_t (0): 931
[+] 		user_u:object_r:xserver_tmpfs_t (0): 931
[+] 		user_u:user_r:chfn_t (489): 202
[+] 		user_u:user_r:chkpwd_t (590): 487
[+] 		user_u:user_r:context_t (0): 61
[+] 		user_u:user_r:cronjob_t (578): 48
[+] 		user_u:user_r:crontab_t (424): 182
[+] 		user_u:user_r:gpg_agent_t (0): 881
[+] 		user_u:user_r:gpg_helper_t (0): 171
[+] 		user_u:user_r:gpg_pinentry_t (0): 293
[+] 		user_u:user_r:gpg_t (0): 1203
[+] 		user_u:user_r:hostname_t (0): 85
[+] 		user_u:user_r:iceauth_t (0): 60
[+] 		user_u:user_r:java_t (0): 157
[+] 		user_u:user_r:newrole_t (499): 324
[+] 		user_u:user_r:pam_t (447): 60
[+] 		user_u:user_r:passwd_t (494): 202
[+] 		user_u:user_r:ping_t (363): 85
[+] 		user_u:user_r:ssh_t (327): 182
[+] 		user_u:user_r:traceroute_t (584): 85
[+] 		user_u:user_r:updpwd_t (500): 141
[+] 		user_u:user_r:user_clawsmail_t (0): 1415
[+] 		user_u:user_r:user_dbusd_t (0): 626
[+] 		user_u:user_r:user_home_t (0): 945
[+] 		user_u:user_r:user_lxsession_logout_t (0): 176
[+] 		user_u:user_r:user_mail_t (287): 918
[+] 		user_u:user_r:user_mozilla_t (0): 15441
[+] 		user_u:user_r:user_ooffice_t (0): 827
[+] 		user_u:user_r:user_shell_t (0): 94
[+] 		user_u:user_r:user_ssh_agent_t (289): 1462
[+] 		user_u:user_r:user_su_t (297): 1142
[+] 		user_u:user_r:user_sudo_t (0): 1384
[+] 		user_u:user_r:user_t (217): 282518
[+] 		user_u:user_r:user_tmp_t (0): 901
[+] 		user_u:user_r:user_xpdf_t (0): 105
[+] 		user_u:user_r:utempter_t (504): 60
[+] 		user_u:user_r:xauth_t (0): 1318
[+] 		user_u:user_r:xserver_t (0): 3059
[+] 	tclass stats :
[+] 		association (54): 1068
[+] 		blk_file (11): 824
[+] 		chr_file (10): 14494
[+] 		fifo_file (13): 16464
[+] 		file (6): 161724
[+] 		netif (19): 2638
[+] 		node (18): 2438
[+] 		packet (57): 55596
[+] 		process (2): 895228
[+] 		sock_file (12): 37047
[+] 	requested stats :
[+] 		append (512): 33316
[+] 		execheap (134217728): 49
[+] 		execmem (33554432): 1966
[+] 		execmod (524288): 1207
[+] 		execstack (67108864): 1928
[+] 		execute (8192): 50288
[+] 		execute_no_trans (131072): 43790
[+] 		rawip_recv (16): 162
[+] 		rawip_send (32): 162
[+] 		read (2): 67563
[+] 		recv (2): 27798
[+] 		recvfrom (2): 534
[+] 		send (1): 27798
[+] 		sendto (1): 534
[+] 		tcp_recv (1): 1180
[+] 		tcp_send (2): 1180
[+] 		transition (2): 891285
[+] 		udp_recv (4): 1196
[+] 		udp_send (8): 1196
[+] 		write (4): 34389
